<?xml version="1.0" encoding="UTF-8"?>
<testng-results ignored="0" total="1" passed="1" failed="0" skipped="0">
  <reporter-output>
  </reporter-output>
  <suite started-at="2024-09-02T10:33:11 IST" name="Default suite" finished-at="2024-09-02T10:33:11 IST" duration-ms="48">
    <groups>
    </groups>
    <test started-at="2024-09-02T10:33:11 IST" name="Default test" finished-at="2024-09-02T10:33:11 IST" duration-ms="48">
      <class name="TestNg.HardAssert">
        <test-method signature="m1()[pri:0, instance:TestNg.HardAssert@741a8937]" started-at="2024-09-02T10:33:11 IST" name="m1" finished-at="2024-09-02T10:33:11 IST" duration-ms="19" status="PASS">
          <reporter-output>
          </reporter-output>
        </test-method> <!-- m1 -->
      </class> <!-- TestNg.HardAssert -->
    </test> <!-- Default test -->
  </suite> <!-- Default suite -->
</testng-results>
